<?xml version="1.0" encoding="UTF-8"?>
<!-- Generated by org.testng.reporters.JUnitReportReporter -->
<testsuite hostname="Desktop-Monitor-2nd-Floor-Room3" failures="0" tests="1" name="com.nihossoft.testscript.ProjectModule" time="10.573" errors="0" timestamp="2024-03-31T10:46:03 IST" skipped="0">
  <testcase classname="com.nihossoft.testscript.ProjectModule" name="createProject" time="10.573">
    <system-out>
      <![CDATA[createProject]]>
    </system-out>
  </testcase> <!-- createProject -->
  <system-out>
    <![CDATA[openBrowser
login
openBrowser
openBrowser
login
login
createProject
logout
closeBrowser
createCustomer
createCustomer has got passed
logout
addAndDeleteUser has got passed
closeBrowser
logout
closeBrowser]]>
  </system-out>
</testsuite> <!-- com.nihossoft.testscript.ProjectModule -->
