<?xml version="1.0" encoding="UTF-8"?>
<!-- Generated by org.testng.reporters.JUnitReportReporter -->
<testsuite hostname="Desktop-Monitor-2nd-Floor-Room3" failures="0" tests="1" name="com.nihossoft.testscript.CustomerModule" time="16.153" errors="0" timestamp="2024-03-31T11:04:56 IST" skipped="0">
  <testcase classname="com.nihossoft.testscript.CustomerModule" name="createCustomer" time="16.153">
    <system-out>
      <![CDATA[createCustomer
createCustomer has got passed]]>
    </system-out>
  </testcase> <!-- createCustomer -->
  <system-out>
    <![CDATA[openBrowser
openBrowser
openBrowser
openBrowser
openBrowser
login
login
addAndDeleteUser has got passed
addAndDeleteUser has got passed
login
addAndDeleteUser has got passed
login
logout
login
logout
addAndDeleteUser has got passed
logout
closeBrowser
closeBrowser
closeBrowser
createCustomer
createCustomer has got passed
logout
openBrowser
openBrowser
login
addAndDeleteUser has got passed
login
addAndDeleteUser has got passed
closeBrowser
logout
closeBrowser
closeBrowser
logout
closeBrowser]]>
  </system-out>
</testsuite> <!-- com.nihossoft.testscript.CustomerModule -->
